<?xml version="1.0" encoding="UTF-8"?>
<testsuite name="ParserCommentsTests" tests="1" skipped="0" failures="0" errors="0" timestamp="2021-06-27T15:45:49" hostname="Christopher-PC" time="0.004">
  <properties/>
  <testcase name="testComment" classname="ParserCommentsTests" time="0.004"/>
  <system-out><![CDATA[]]></system-out>
  <system-err><![CDATA[]]></system-err>
</testsuite>
