<?xml version="1.0" encoding="UTF-8"?>
<testsuite name="ParserExpressionsTests" tests="16" skipped="0" failures="0" errors="0" timestamp="2021-06-27T15:45:49" hostname="Christopher-PC" time="0.233">
  <properties/>
  <testcase name="testAnd" classname="ParserExpressionsTests" time="0.021"/>
  <testcase name="testArg" classname="ParserExpressionsTests" time="0.008"/>
  <testcase name="testArgs" classname="ParserExpressionsTests" time="0.022"/>
  <testcase name="testArithmetic" classname="ParserExpressionsTests" time="0.006"/>
  <testcase name="testArray" classname="ParserExpressionsTests" time="0.008"/>
  <testcase name="testArrayAccess" classname="ParserExpressionsTests" time="0.003"/>
  <testcase name="testCompareOperators" classname="ParserExpressionsTests" time="0.022"/>
  <testcase name="testEquality" classname="ParserExpressionsTests" time="0.005"/>
  <testcase name="testFunctionCall" classname="ParserExpressionsTests" time="0.025"/>
  <testcase name="testMap" classname="ParserExpressionsTests" time="0.016"/>
  <testcase name="testMapAccess" classname="ParserExpressionsTests" time="0.007"/>
  <testcase name="testOr" classname="ParserExpressionsTests" time="0.011"/>
  <testcase name="testPair" classname="ParserExpressionsTests" time="0.003"/>
  <testcase name="testParenthesis" classname="ParserExpressionsTests" time="0.007"/>
  <testcase name="testPrefix" classname="ParserExpressionsTests" time="0.006"/>
  <testcase name="testType" classname="ParserExpressionsTests" time="0.032"/>
  <system-out><![CDATA[]]></system-out>
  <system-err><![CDATA[]]></system-err>
</testsuite>
