<?xml version="1.0" encoding="UTF-8"?>
<testsuite name="ParserProgramsTests" tests="6" skipped="0" failures="0" errors="0" timestamp="2021-06-27T15:45:50" hostname="Christopher-PC" time="0.107">
  <properties/>
  <testcase name="testAdditionalFeatures" classname="ParserProgramsTests" time="0.035"/>
  <testcase name="testFibonacci" classname="ParserProgramsTests" time="0.009"/>
  <testcase name="testFizzBuzz" classname="ParserProgramsTests" time="0.009"/>
  <testcase name="testPrime" classname="ParserProgramsTests" time="0.006"/>
  <testcase name="testSort" classname="ParserProgramsTests" time="0.039"/>
  <testcase name="testUniq" classname="ParserProgramsTests" time="0.006"/>
  <system-out><![CDATA[]]></system-out>
  <system-err><![CDATA[]]></system-err>
</testsuite>
