<?xml version="1.0" encoding="UTF-8"?>
<testsuite name="ParserLiteralsTests" tests="5" skipped="0" failures="0" errors="0" timestamp="2021-06-27T15:45:50" hostname="Christopher-PC" time="0.01">
  <properties/>
  <testcase name="testBoolean" classname="ParserLiteralsTests" time="0.004"/>
  <testcase name="testInteger" classname="ParserLiteralsTests" time="0.001"/>
  <testcase name="testPosInteger" classname="ParserLiteralsTests" time="0.001"/>
  <testcase name="testStringChar" classname="ParserLiteralsTests" time="0.001"/>
  <testcase name="testStringPart" classname="ParserLiteralsTests" time="0.001"/>
  <system-out><![CDATA[]]></system-out>
  <system-err><![CDATA[]]></system-err>
</testsuite>
