<?xml version="1.0" encoding="UTF-8"?>
<testsuite name="SemanticTests" tests="32" skipped="0" failures="0" errors="0" timestamp="2021-06-27T15:45:50" hostname="Christopher-PC" time="1.021">
  <properties/>
  <testcase name="testAdditionalFeatures" classname="SemanticTests" time="0.146"/>
  <testcase name="testArgc" classname="SemanticTests" time="0.006"/>
  <testcase name="testArgv" classname="SemanticTests" time="0.05"/>
  <testcase name="testArithmeticExpression" classname="SemanticTests" time="0.044"/>
  <testcase name="testArrayAccess" classname="SemanticTests" time="0.054"/>
  <testcase name="testArrayLiteral" classname="SemanticTests" time="0.103"/>
  <testcase name="testAssignment" classname="SemanticTests" time="0.049"/>
  <testcase name="testConcatenation" classname="SemanticTests" time="0.012"/>
  <testcase name="testDefaultParameter" classname="SemanticTests" time="0.019"/>
  <testcase name="testEquality" classname="SemanticTests" time="0.014"/>
  <testcase name="testFibonacci" classname="SemanticTests" time="0.015"/>
  <testcase name="testFizzBuzz" classname="SemanticTests" time="0.009"/>
  <testcase name="testForIn" classname="SemanticTests" time="0.017"/>
  <testcase name="testFunctionCall" classname="SemanticTests" time="0.016"/>
  <testcase name="testFunctionDeclaration" classname="SemanticTests" time="0.034"/>
  <testcase name="testIfStatement" classname="SemanticTests" time="0.033"/>
  <testcase name="testLiterals" classname="SemanticTests" time="0.023"/>
  <testcase name="testMapAccess" classname="SemanticTests" time="0.032"/>
  <testcase name="testMapLiteral" classname="SemanticTests" time="0.028"/>
  <testcase name="testNamedParameter" classname="SemanticTests" time="0.047"/>
  <testcase name="testNumericComparison" classname="SemanticTests" time="0.032"/>
  <testcase name="testParenthesisExpression" classname="SemanticTests" time="0.013"/>
  <testcase name="testPrime" classname="SemanticTests" time="0.034"/>
  <testcase name="testReturn" classname="SemanticTests" time="0.041"/>
  <testcase name="testScope" classname="SemanticTests" time="0.007"/>
  <testcase name="testSort" classname="SemanticTests" time="0.011"/>
  <testcase name="testStringInterpolation" classname="SemanticTests" time="0.007"/>
  <testcase name="testTuple" classname="SemanticTests" time="0.014"/>
  <testcase name="testTypes" classname="SemanticTests" time="0.011"/>
  <testcase name="testUniq" classname="SemanticTests" time="0.004"/>
  <testcase name="testVarDeclaration" classname="SemanticTests" time="0.009"/>
  <testcase name="testWhileStatement" classname="SemanticTests" time="0.011"/>
  <system-out><![CDATA[]]></system-out>
  <system-err><![CDATA[]]></system-err>
</testsuite>
