<?xml version="1.0" encoding="UTF-8"?>
<testsuite name="ParserStatementsTests" tests="10" skipped="0" failures="0" errors="0" timestamp="2021-06-27T15:45:50" hostname="Christopher-PC" time="0.121">
  <properties/>
  <testcase name="testBlock" classname="ParserStatementsTests" time="0.012"/>
  <testcase name="testElif" classname="ParserStatementsTests" time="0.017"/>
  <testcase name="testFunctionBlock" classname="ParserStatementsTests" time="0.004"/>
  <testcase name="testFunctionDefinition" classname="ParserStatementsTests" time="0.017"/>
  <testcase name="testIfElifElseConditionals" classname="ParserStatementsTests" time="0.008"/>
  <testcase name="testIfElse" classname="ParserStatementsTests" time="0.017"/>
  <testcase name="testParamDefinition" classname="ParserStatementsTests" time="0.003"/>
  <testcase name="testParamsDefinition" classname="ParserStatementsTests" time="0.003"/>
  <testcase name="testSimpleReturn" classname="ParserStatementsTests" time="0.006"/>
  <testcase name="testWhileStatement" classname="ParserStatementsTests" time="0.009"/>
  <system-out><![CDATA[]]></system-out>
  <system-err><![CDATA[]]></system-err>
</testsuite>
