<?xml version="1.0" encoding="UTF-8"?>
<testsuite name="ParserAdditionalFeaturesTests" tests="7" skipped="0" failures="0" errors="0" timestamp="2021-06-27T15:45:49" hostname="Christopher-PC" time="0.215">
  <properties/>
  <testcase name="testForInStatement" classname="ParserAdditionalFeaturesTests" time="0.066"/>
  <testcase name="testFunctionCallNamedParameters" classname="ParserAdditionalFeaturesTests" time="0.039"/>
  <testcase name="testFunctionDeclarationDefaultParameters" classname="ParserAdditionalFeaturesTests" time="0.032"/>
  <testcase name="testMultipleReturn" classname="ParserAdditionalFeaturesTests" time="0.01"/>
  <testcase name="testStringInterpolation" classname="ParserAdditionalFeaturesTests" time="0.008"/>
  <testcase name="testStringLitInterpolation" classname="ParserAdditionalFeaturesTests" time="0.021"/>
  <testcase name="testTuple" classname="ParserAdditionalFeaturesTests" time="0.032"/>
  <system-out><![CDATA[]]></system-out>
  <system-err><![CDATA[]]></system-err>
</testsuite>
