<?xml version="1.0" encoding="UTF-8"?>
<testsuite name="ParserVariableDefinitionTests" tests="6" skipped="0" failures="0" errors="0" timestamp="2021-06-27T15:45:50" hostname="Christopher-PC" time="0.073">
  <properties/>
  <testcase name="testArrayAssignment" classname="ParserVariableDefinitionTests" time="0.018"/>
  <testcase name="testArrayDefinition" classname="ParserVariableDefinitionTests" time="0.012"/>
  <testcase name="testMapAssignment" classname="ParserVariableDefinitionTests" time="0.014"/>
  <testcase name="testMapDefinition" classname="ParserVariableDefinitionTests" time="0.01"/>
  <testcase name="testVarAssignment" classname="ParserVariableDefinitionTests" time="0.003"/>
  <testcase name="testVarDefinition" classname="ParserVariableDefinitionTests" time="0.01"/>
  <system-out><![CDATA[]]></system-out>
  <system-err><![CDATA[]]></system-err>
</testsuite>
